<?xml version="1.0" encoding="UTF-8"?>
<!-- Generated by org.testng.reporters.JUnitXMLReporter -->
<testsuite ignored="2" hostname="DESKTOP-KV35ATA" failures="0" tests="1" name="Test_Chrome" time="13.615" errors="0" timestamp="2022-08-15T13:42:01 IST">
  <testcase classname="Test_2.Test_D_1" name="Test2" time="0.03"/>
  <testcase classname="Test_2.Test_D_1" name="Test1" time="0.0">
    <ignored/>
  </testcase> <!-- Test1 -->
  <testcase classname="Test_2.Test_D_1" name="Test3" time="0.0">
    <ignored/>
  </testcase> <!-- Test3 -->
</testsuite> <!-- Test_Chrome -->
