<?xml version="1.0" encoding="UTF-8"?>
<testng-results ignored="0" total="1" passed="1" failed="0" skipped="0">
  <reporter-output>
  </reporter-output>
  <suite started-at="2022-08-17T15:17:01 IST" name="Default suite" finished-at="2022-08-17T15:17:48 IST" duration-ms="46829">
    <groups>
    </groups>
    <test started-at="2022-08-17T15:17:01 IST" name="Default test" finished-at="2022-08-17T15:17:48 IST" duration-ms="46829">
      <class name="Test_P.Test_3">
        <test-method signature="Test_A()[pri:0, instance:Test_P.Test_3@3835c46]" started-at="2022-08-17T15:17:02 IST" name="Test_A" finished-at="2022-08-17T15:17:48 IST" duration-ms="46698" status="PASS">
          <reporter-output>
          </reporter-output>
        </test-method> <!-- Test_A -->
      </class> <!-- Test_P.Test_3 -->
    </test> <!-- Default test -->
  </suite> <!-- Default suite -->
</testng-results>
